[05-Aug-2020 01:20:42] NOTICE: fpm is running, pid 18
[05-Aug-2020 01:20:42] NOTICE: ready to handle connections
[05-Aug-2020 01:22:08] ALERT: [pool www] pm.min_spare_servers(200) and pm.max_spare_servers(35) cannot be greater than pm.max_children(70)
[05-Aug-2020 01:22:08] ERROR: failed to post process the configuration
[05-Aug-2020 01:22:08] ERROR: FPM initialization failed
[05-Aug-2020 01:22:10] ALERT: [pool www] pm.min_spare_servers(200) and pm.max_spare_servers(35) cannot be greater than pm.max_children(70)
[05-Aug-2020 01:22:10] ERROR: failed to post process the configuration
[05-Aug-2020 01:22:10] ERROR: FPM initialization failed
[05-Aug-2020 01:22:12] ALERT: [pool www] pm.min_spare_servers(200) and pm.max_spare_servers(35) cannot be greater than pm.max_children(70)
[05-Aug-2020 01:22:12] ERROR: failed to post process the configuration
[05-Aug-2020 01:22:12] ERROR: FPM initialization failed
[05-Aug-2020 01:22:15] ALERT: [pool www] pm.min_spare_servers(200) and pm.max_spare_servers(35) cannot be greater than pm.max_children(70)
[05-Aug-2020 01:22:15] ERROR: failed to post process the configuration
[05-Aug-2020 01:22:15] ERROR: FPM initialization failed
[05-Aug-2020 01:37:25] NOTICE: fpm is running, pid 11
[05-Aug-2020 01:37:25] NOTICE: ready to handle connections
[05-Aug-2020 01:47:39] NOTICE: fpm is running, pid 16
[05-Aug-2020 01:47:39] NOTICE: ready to handle connections
[05-Aug-2020 01:49:06] NOTICE: fpm is running, pid 30
[05-Aug-2020 01:49:06] NOTICE: ready to handle connections
