[05-Aug-2020 00:35:57] NOTICE: fpm is running, pid 12
[05-Aug-2020 00:35:57] NOTICE: ready to handle connections
[05-Aug-2020 00:39:12] WARNING: [pool www] child 19 said into stderr: "NOTICE: PHP message: PHP Parse error:  syntax error, unexpected '?', expecting variable (T_VARIABLE) in /var/www/vendor/ramsey/uuid/src/functions.php on line 34"
[05-Aug-2020 00:41:31] WARNING: [pool www] child 20 said into stderr: "NOTICE: PHP message: PHP Parse error:  syntax error, unexpected '?', expecting variable (T_VARIABLE) in /var/www/vendor/ramsey/uuid/src/functions.php on line 34"
[05-Aug-2020 00:45:14] WARNING: [pool www] child 21 said into stderr: "NOTICE: PHP message: PHP Parse error:  syntax error, unexpected '?', expecting variable (T_VARIABLE) in /var/www/vendor/ramsey/uuid/src/functions.php on line 34"
[05-Aug-2020 00:53:58] NOTICE: fpm is running, pid 11
[05-Aug-2020 00:53:58] NOTICE: ready to handle connections
[05-Aug-2020 00:54:33] WARNING: [pool www] child 19 said into stderr: "NOTICE: PHP message: PHP Parse error:  syntax error, unexpected '?', expecting variable (T_VARIABLE) in /var/www/vendor/ramsey/uuid/src/functions.php on line 34"
[05-Aug-2020 00:55:52] WARNING: [pool www] child 18 said into stderr: "NOTICE: PHP message: PHP Parse error:  syntax error, unexpected '?', expecting variable (T_VARIABLE) in /var/www/vendor/ramsey/uuid/src/functions.php on line 34"
[05-Aug-2020 00:58:51] WARNING: [pool www] child 20 said into stderr: "NOTICE: PHP message: PHP Parse error:  syntax error, unexpected '?', expecting variable (T_VARIABLE) in /var/www/vendor/ramsey/uuid/src/functions.php on line 34"
[05-Aug-2020 01:00:18] WARNING: [pool www] child 19 said into stderr: "NOTICE: PHP message: PHP Parse error:  syntax error, unexpected '?', expecting variable (T_VARIABLE) in /var/www/vendor/ramsey/uuid/src/functions.php on line 34"
[05-Aug-2020 01:06:27] WARNING: [pool www] child 18 said into stderr: "NOTICE: PHP message: PHP Parse error:  syntax error, unexpected '?', expecting variable (T_VARIABLE) in /var/www/vendor/ramsey/uuid/src/functions.php on line 34"
[05-Aug-2020 01:08:14] WARNING: [pool www] child 20 said into stderr: "NOTICE: PHP message: PHP Parse error:  syntax error, unexpected '?', expecting variable (T_VARIABLE) in /var/www/vendor/ramsey/uuid/src/functions.php on line 34"
[05-Aug-2020 01:08:25] NOTICE: fpm is running, pid 12
[05-Aug-2020 01:08:25] NOTICE: ready to handle connections
[05-Aug-2020 01:08:30] WARNING: [pool www] child 19 said into stderr: "NOTICE: PHP message: PHP Parse error:  syntax error, unexpected '?', expecting variable (T_VARIABLE) in /var/www/vendor/ramsey/uuid/src/functions.php on line 34"
[05-Aug-2020 01:08:50] NOTICE: fpm is running, pid 12
[05-Aug-2020 01:08:50] NOTICE: ready to handle connections
[05-Aug-2020 01:14:47] NOTICE: fpm is running, pid 12
[05-Aug-2020 01:14:47] NOTICE: ready to handle connections
[05-Aug-2020 01:15:01] WARNING: [pool www] child 19 said into stderr: "NOTICE: PHP message: PHP Parse error:  syntax error, unexpected '?', expecting variable (T_VARIABLE) in /var/www/vendor/ramsey/uuid/src/functions.php on line 34"
[05-Aug-2020 01:19:17] WARNING: [pool www] child 20 said into stderr: "NOTICE: PHP message: PHP Parse error:  syntax error, unexpected '?', expecting variable (T_VARIABLE) in /var/www/vendor/ramsey/uuid/src/functions.php on line 34"
[05-Aug-2020 01:20:42] NOTICE: fpm is running, pid 16
[05-Aug-2020 01:20:42] NOTICE: ready to handle connections
[05-Aug-2020 01:21:21] WARNING: [pool www] child 22 said into stderr: "NOTICE: PHP message: PHP Parse error:  syntax error, unexpected '?', expecting variable (T_VARIABLE) in /var/www/vendor/ramsey/uuid/src/functions.php on line 34"
[05-Aug-2020 01:22:10] ALERT: [pool www] pm.min_spare_servers(200) and pm.max_spare_servers(35) cannot be greater than pm.max_children(70)
[05-Aug-2020 01:22:10] ERROR: failed to post process the configuration
[05-Aug-2020 01:22:10] ERROR: FPM initialization failed
[05-Aug-2020 01:22:11] ALERT: [pool www] pm.min_spare_servers(200) and pm.max_spare_servers(35) cannot be greater than pm.max_children(70)
[05-Aug-2020 01:22:11] ERROR: failed to post process the configuration
[05-Aug-2020 01:22:11] ERROR: FPM initialization failed
[05-Aug-2020 01:22:13] ALERT: [pool www] pm.min_spare_servers(200) and pm.max_spare_servers(35) cannot be greater than pm.max_children(70)
[05-Aug-2020 01:22:13] ERROR: failed to post process the configuration
[05-Aug-2020 01:22:13] ERROR: FPM initialization failed
[05-Aug-2020 01:22:16] ALERT: [pool www] pm.min_spare_servers(200) and pm.max_spare_servers(35) cannot be greater than pm.max_children(70)
[05-Aug-2020 01:22:16] ERROR: failed to post process the configuration
[05-Aug-2020 01:22:16] ERROR: FPM initialization failed
[05-Aug-2020 01:27:12] NOTICE: fpm is running, pid 25
[05-Aug-2020 01:27:12] NOTICE: ready to handle connections
[05-Aug-2020 01:27:22] WARNING: [pool www] child 30 said into stderr: "NOTICE: PHP message: PHP Parse error:  syntax error, unexpected '?', expecting variable (T_VARIABLE) in /var/www/vendor/ramsey/uuid/src/functions.php on line 34"
[05-Aug-2020 01:30:35] WARNING: [pool www] child 31 said into stderr: "NOTICE: PHP message: PHP Parse error:  syntax error, unexpected '?', expecting variable (T_VARIABLE) in /var/www/vendor/ramsey/uuid/src/functions.php on line 34"
[05-Aug-2020 01:30:47] ALERT: [pool www] pm.min_spare_servers(200) and pm.max_spare_servers(35) cannot be greater than pm.max_children(70)
[05-Aug-2020 01:30:47] ERROR: failed to post process the configuration
[05-Aug-2020 01:30:47] ERROR: FPM initialization failed
[05-Aug-2020 01:30:48] ALERT: [pool www] pm.min_spare_servers(200) and pm.max_spare_servers(35) cannot be greater than pm.max_children(70)
[05-Aug-2020 01:30:48] ERROR: failed to post process the configuration
[05-Aug-2020 01:30:48] ERROR: FPM initialization failed
[05-Aug-2020 01:30:50] ALERT: [pool www] pm.min_spare_servers(200) and pm.max_spare_servers(35) cannot be greater than pm.max_children(70)
[05-Aug-2020 01:30:50] ERROR: failed to post process the configuration
[05-Aug-2020 01:30:50] ERROR: FPM initialization failed
[05-Aug-2020 01:30:53] ALERT: [pool www] pm.min_spare_servers(200) and pm.max_spare_servers(35) cannot be greater than pm.max_children(70)
[05-Aug-2020 01:30:53] ERROR: failed to post process the configuration
[05-Aug-2020 01:30:53] ERROR: FPM initialization failed
[05-Aug-2020 01:31:10] ALERT: [pool www] pm.min_spare_servers(2000) and pm.max_spare_servers(35) cannot be greater than pm.max_children(70)
[05-Aug-2020 01:31:10] ERROR: failed to post process the configuration
[05-Aug-2020 01:31:10] ERROR: FPM initialization failed
[05-Aug-2020 01:31:11] ALERT: [pool www] pm.min_spare_servers(2000) and pm.max_spare_servers(35) cannot be greater than pm.max_children(70)
[05-Aug-2020 01:31:11] ERROR: failed to post process the configuration
[05-Aug-2020 01:31:11] ERROR: FPM initialization failed
[05-Aug-2020 01:31:13] ALERT: [pool www] pm.min_spare_servers(2000) and pm.max_spare_servers(35) cannot be greater than pm.max_children(70)
[05-Aug-2020 01:31:13] ERROR: failed to post process the configuration
[05-Aug-2020 01:31:13] ERROR: FPM initialization failed
[05-Aug-2020 01:31:16] ALERT: [pool www] pm.min_spare_servers(2000) and pm.max_spare_servers(35) cannot be greater than pm.max_children(70)
[05-Aug-2020 01:31:16] ERROR: failed to post process the configuration
[05-Aug-2020 01:31:16] ERROR: FPM initialization failed
[05-Aug-2020 01:32:28] NOTICE: fpm is running, pid 11
[05-Aug-2020 01:32:28] NOTICE: ready to handle connections
[05-Aug-2020 01:51:23] NOTICE: fpm is running, pid 30
[05-Aug-2020 01:51:23] NOTICE: ready to handle connections
